Arguments: 
  /Users/applebusstop/.nvm/versions/node/v14.20.1/bin/node /usr/local/Cellar/yarn/1.22.19/libexec/bin/yarn.js add bull

PATH: 
  /Users/applebusstop/.nvm/versions/node/v14.20.1/bin:/Library/Frameworks/Python.framework/Versions/3.10/bin:/usr/local/bin:/usr/bin:/bin:/usr/sbin:/sbin:/usr/local/mysql-5.7.30-macos10.14-x86_64//bin:/usr/local/share/dotnet:~/.dotnet/tools:/Library/Frameworks/Mono.framework/Versions/Current/Commands:/Users/applebusstop/.nvm/versions/node/v14.20.1/bin:/Library/Frameworks/Python.framework/Versions/3.10/bin:/Users/applebusstop/flutterDev/flutter/bin:/Users/applebusstop/flutterDev/flutter/bin

Yarn version: 
  1.22.19

Node version: 
  14.20.1

Platform: 
  darwin x64

Trace: 
  Error: getaddrinfo ENOTFOUND registry.yarnpkg.com
      at GetAddrInfoReqWrap.onlookup [as oncomplete] (dns.js:71:26)

npm manifest: 
  {
    "name": "microservice",
    "version": "1.0.0",
    "description": "",
    "main": "index.js",
    "scripts": {
      "test": "echo \"Error: no test specified\" && exit 1"
    },
    "keywords": [],
    "author": "",
    "license": "ISC"
  }

yarn manifest: 
  No manifest

Lockfile: 
  No lockfile
